# Logfile created on 2014-01-06 17:24:43 -0300 by logger.rb/36483
I, [2014-01-06T17:24:43.282473 #49744]  INFO -- : 0:  rake (10.1.0) from /Users/bonzofenix/.rbenv/versions/2.0.0-p247/lib/ruby/gems/2.0.0/specifications/rake-10.1.0.gemspec
I, [2014-01-06T17:24:45.686196 #49744]  INFO -- : 0:  builder (3.2.2) from /Users/bonzofenix/.rbenv/versions/2.0.0-p247/lib/ruby/gems/2.0.0/specifications/builder-3.2.2.gemspec
I, [2014-01-06T17:24:48.292171 #49744]  INFO -- : 0:  safe_yaml (0.9.7) from /Users/bonzofenix/.rbenv/versions/2.0.0-p247/lib/ruby/gems/2.0.0/specifications/safe_yaml-0.9.7.gemspec
I, [2014-01-06T17:24:51.020827 #49744]  INFO -- : 0:  crack (0.4.1) from /Users/bonzofenix/.rbenv/versions/2.0.0-p247/lib/ruby/gems/2.0.0/specifications/crack-0.4.1.gemspec
I, [2014-01-06T17:24:53.657972 #49744]  INFO -- : 0:  diff-lcs (1.2.4) from /Users/bonzofenix/.rbenv/versions/2.0.0-p247/lib/ruby/gems/2.0.0/specifications/diff-lcs-1.2.4.gemspec
I, [2014-01-06T17:25:00.724439 #49744]  INFO -- : 0:  libxml-ruby (2.7.0) from /Users/bonzofenix/.rbenv/versions/2.0.0-p247/lib/ruby/gems/2.0.0/specifications/libxml-ruby-2.7.0.gemspec
I, [2014-01-06T17:25:03.648996 #49744]  INFO -- : 0:  happymapper (0.4.1) from /Users/bonzofenix/.rbenv/versions/2.0.0-p247/lib/ruby/gems/2.0.0/specifications/happymapper-0.4.1.gemspec
I, [2014-01-06T17:25:06.193788 #49744]  INFO -- : 0:  hashie (2.0.5) from /Users/bonzofenix/.rbenv/versions/2.0.0-p247/lib/ruby/gems/2.0.0/specifications/hashie-2.0.5.gemspec
I, [2014-01-06T17:25:06.194325 #49744]  INFO -- : 0:  highline (1.6.20) from /Users/bonzofenix/.rbenv/versions/2.0.0-p247/lib/ruby/gems/2.0.0/specifications/highline-1.6.20.gemspec
I, [2014-01-06T17:25:08.120202 #49744]  INFO -- : 0:  little-plugger (1.1.3) from /Users/bonzofenix/.rbenv/versions/2.0.0-p247/lib/ruby/gems/2.0.0/specifications/little-plugger-1.1.3.gemspec
I, [2014-01-06T17:25:08.120520 #49744]  INFO -- : 0:  multi_json (1.8.2) from /Users/bonzofenix/.rbenv/versions/2.0.0-p247/lib/ruby/gems/2.0.0/specifications/multi_json-1.8.2.gemspec
I, [2014-01-06T17:25:10.863657 #49744]  INFO -- : 0:  logging (1.8.1) from /Users/bonzofenix/.rbenv/versions/2.0.0-p247/lib/ruby/gems/2.0.0/specifications/logging-1.8.1.gemspec
I, [2014-01-06T17:25:10.864032 #49744]  INFO -- : 0:  mini_portile (0.5.2) from /Users/bonzofenix/.rbenv/versions/2.0.0-p247/lib/ruby/gems/2.0.0/specifications/mini_portile-0.5.2.gemspec
I, [2014-01-06T17:26:44.024368 #49744]  INFO -- : 0:  nokogiri (1.6.0) from /Users/bonzofenix/.rbenv/versions/2.0.0-p247/lib/ruby/gems/2.0.0/specifications/nokogiri-1.6.0.gemspec
I, [2014-01-06T17:26:47.591415 #49744]  INFO -- : 0:  nokogiri-happymapper (0.5.8) from /Users/bonzofenix/.rbenv/versions/2.0.0-p247/lib/ruby/gems/2.0.0/specifications/nokogiri-happymapper-0.5.8.gemspec
I, [2014-01-06T17:26:51.144001 #49744]  INFO -- : 0:  mime-types (1.25) from /Users/bonzofenix/.rbenv/versions/2.0.0-p247/lib/ruby/gems/2.0.0/specifications/mime-types-1.25.gemspec
I, [2014-01-06T17:26:51.144583 #49744]  INFO -- : 0:  rest-client (1.6.7) from /Users/bonzofenix/.rbenv/versions/2.0.0-p247/lib/ruby/gems/2.0.0/specifications/rest-client-1.6.7.gemspec
I, [2014-01-06T17:26:53.319153 #49744]  INFO -- : 0:  pivotal-tracker (0.5.12) from /Users/bonzofenix/.rbenv/versions/2.0.0-p247/lib/ruby/gems/2.0.0/specifications/pivotal-tracker-0.5.12.gemspec
I, [2014-01-06T17:26:57.587894 #49744]  INFO -- : 0:  terminal-notifier (1.5.1) from /Users/bonzofenix/.rbenv/versions/2.0.0-p247/lib/ruby/gems/2.0.0/specifications/terminal-notifier-1.5.1.gemspec
I, [2014-01-06T17:26:57.603450 #49744]  INFO -- : 0:  ilpomodoro (0.0.0) from /Users/bonzofenix/workspace/ilpomodoro/ilpomodoro.gemspec
I, [2014-01-06T17:27:02.570883 #49744]  INFO -- : 0:  rspec-core (2.14.6) from /Users/bonzofenix/.rbenv/versions/2.0.0-p247/lib/ruby/gems/2.0.0/specifications/rspec-core-2.14.6.gemspec
I, [2014-01-06T17:27:05.185195 #49744]  INFO -- : 0:  rspec-expectations (2.14.3) from /Users/bonzofenix/.rbenv/versions/2.0.0-p247/lib/ruby/gems/2.0.0/specifications/rspec-expectations-2.14.3.gemspec
I, [2014-01-06T17:27:09.004050 #49744]  INFO -- : 0:  rspec-mocks (2.14.4) from /Users/bonzofenix/.rbenv/versions/2.0.0-p247/lib/ruby/gems/2.0.0/specifications/rspec-mocks-2.14.4.gemspec
I, [2014-01-06T17:27:10.802120 #49744]  INFO -- : 0:  rspec (2.14.1) from /Users/bonzofenix/.rbenv/versions/2.0.0-p247/lib/ruby/gems/2.0.0/specifications/rspec-2.14.1.gemspec
I, [2014-01-06T17:27:10.802536 #49744]  INFO -- : 0:  bundler (1.5.1) from /Users/bonzofenix/.rbenv/versions/2.0.0-p247/lib/ruby/gems/2.0.0/specifications/bundler-1.5.1.gemspec
I, [2014-01-10T17:10:15.094136 #9816]  INFO -- : 0:  rake (10.1.0) from /Users/bonzofenix/.rbenv/versions/2.0.0-p247/lib/ruby/gems/2.0.0/specifications/rake-10.1.0.gemspec
I, [2014-01-10T17:10:15.097978 #9816]  INFO -- : 0:  builder (3.2.2) from /Users/bonzofenix/.rbenv/versions/2.0.0-p247/lib/ruby/gems/2.0.0/specifications/builder-3.2.2.gemspec
I, [2014-01-10T17:10:15.098581 #9816]  INFO -- : 0:  safe_yaml (0.9.7) from /Users/bonzofenix/.rbenv/versions/2.0.0-p247/lib/ruby/gems/2.0.0/specifications/safe_yaml-0.9.7.gemspec
I, [2014-01-10T17:10:15.099103 #9816]  INFO -- : 0:  crack (0.4.1) from /Users/bonzofenix/.rbenv/versions/2.0.0-p247/lib/ruby/gems/2.0.0/specifications/crack-0.4.1.gemspec
I, [2014-01-10T17:10:15.099577 #9816]  INFO -- : 0:  diff-lcs (1.2.4) from /Users/bonzofenix/.rbenv/versions/2.0.0-p247/lib/ruby/gems/2.0.0/specifications/diff-lcs-1.2.4.gemspec
I, [2014-01-10T17:10:15.099949 #9816]  INFO -- : 0:  libxml-ruby (2.7.0) from /Users/bonzofenix/.rbenv/versions/2.0.0-p247/lib/ruby/gems/2.0.0/specifications/libxml-ruby-2.7.0.gemspec
I, [2014-01-10T17:10:15.100259 #9816]  INFO -- : 0:  happymapper (0.4.1) from /Users/bonzofenix/.rbenv/versions/2.0.0-p247/lib/ruby/gems/2.0.0/specifications/happymapper-0.4.1.gemspec
I, [2014-01-10T17:10:15.100557 #9816]  INFO -- : 0:  hashie (2.0.5) from /Users/bonzofenix/.rbenv/versions/2.0.0-p247/lib/ruby/gems/2.0.0/specifications/hashie-2.0.5.gemspec
I, [2014-01-10T17:10:15.100849 #9816]  INFO -- : 0:  highline (1.6.20) from /Users/bonzofenix/.rbenv/versions/2.0.0-p247/lib/ruby/gems/2.0.0/specifications/highline-1.6.20.gemspec
I, [2014-01-10T17:10:15.101132 #9816]  INFO -- : 0:  little-plugger (1.1.3) from /Users/bonzofenix/.rbenv/versions/2.0.0-p247/lib/ruby/gems/2.0.0/specifications/little-plugger-1.1.3.gemspec
I, [2014-01-10T17:10:15.101430 #9816]  INFO -- : 0:  multi_json (1.8.2) from /Users/bonzofenix/.rbenv/versions/2.0.0-p247/lib/ruby/gems/2.0.0/specifications/multi_json-1.8.2.gemspec
I, [2014-01-10T17:10:15.101721 #9816]  INFO -- : 0:  logging (1.8.1) from /Users/bonzofenix/.rbenv/versions/2.0.0-p247/lib/ruby/gems/2.0.0/specifications/logging-1.8.1.gemspec
I, [2014-01-10T17:10:15.102018 #9816]  INFO -- : 0:  mini_portile (0.5.2) from /Users/bonzofenix/.rbenv/versions/2.0.0-p247/lib/ruby/gems/2.0.0/specifications/mini_portile-0.5.2.gemspec
I, [2014-01-10T17:10:15.102313 #9816]  INFO -- : 0:  nokogiri (1.6.0) from /Users/bonzofenix/.rbenv/versions/2.0.0-p247/lib/ruby/gems/2.0.0/specifications/nokogiri-1.6.0.gemspec
I, [2014-01-10T17:10:15.102610 #9816]  INFO -- : 0:  nokogiri-happymapper (0.5.8) from /Users/bonzofenix/.rbenv/versions/2.0.0-p247/lib/ruby/gems/2.0.0/specifications/nokogiri-happymapper-0.5.8.gemspec
I, [2014-01-10T17:10:15.102914 #9816]  INFO -- : 0:  mime-types (1.25) from /Users/bonzofenix/.rbenv/versions/2.0.0-p247/lib/ruby/gems/2.0.0/specifications/mime-types-1.25.gemspec
I, [2014-01-10T17:10:15.103195 #9816]  INFO -- : 0:  rest-client (1.6.7) from /Users/bonzofenix/.rbenv/versions/2.0.0-p247/lib/ruby/gems/2.0.0/specifications/rest-client-1.6.7.gemspec
I, [2014-01-10T17:10:15.103485 #9816]  INFO -- : 0:  pivotal-tracker (0.5.12) from /Users/bonzofenix/.rbenv/versions/2.0.0-p247/lib/ruby/gems/2.0.0/specifications/pivotal-tracker-0.5.12.gemspec
I, [2014-01-10T17:10:15.103781 #9816]  INFO -- : 0:  terminal-notifier (1.5.1) from /Users/bonzofenix/.rbenv/versions/2.0.0-p247/lib/ruby/gems/2.0.0/specifications/terminal-notifier-1.5.1.gemspec
I, [2014-01-10T17:10:15.170206 #9816]  INFO -- : 0:  ilpomodoro (0.0.0) from /Users/bonzofenix/workspace/ilpomodoro/ilpomodoro.gemspec
I, [2014-01-10T17:10:15.171130 #9816]  INFO -- : 0:  rspec-core (2.14.6) from /Users/bonzofenix/.rbenv/versions/2.0.0-p247/lib/ruby/gems/2.0.0/specifications/rspec-core-2.14.6.gemspec
I, [2014-01-10T17:10:15.171604 #9816]  INFO -- : 0:  rspec-expectations (2.14.3) from /Users/bonzofenix/.rbenv/versions/2.0.0-p247/lib/ruby/gems/2.0.0/specifications/rspec-expectations-2.14.3.gemspec
I, [2014-01-10T17:10:15.172011 #9816]  INFO -- : 0:  rspec-mocks (2.14.4) from /Users/bonzofenix/.rbenv/versions/2.0.0-p247/lib/ruby/gems/2.0.0/specifications/rspec-mocks-2.14.4.gemspec
I, [2014-01-10T17:10:15.172398 #9816]  INFO -- : 0:  rspec (2.14.1) from /Users/bonzofenix/.rbenv/versions/2.0.0-p247/lib/ruby/gems/2.0.0/specifications/rspec-2.14.1.gemspec
I, [2014-01-10T17:10:15.172723 #9816]  INFO -- : 0:  bundler (1.5.1) from /Users/bonzofenix/.rbenv/versions/2.0.0-p247/lib/ruby/gems/2.0.0/specifications/bundler-1.5.1.gemspec
I, [2014-01-30T14:45:43.011349 #68671]  INFO -- : 0:  rake (10.1.0) from /Users/bonzofenix/.rbenv/versions/2.0.0-p247/lib/ruby/gems/2.0.0/specifications/rake-10.1.0.gemspec
I, [2014-01-30T14:45:43.016943 #68671]  INFO -- : 0:  builder (3.2.2) from /Users/bonzofenix/.rbenv/versions/2.0.0-p247/lib/ruby/gems/2.0.0/specifications/builder-3.2.2.gemspec
I, [2014-01-30T14:45:45.714444 #68671]  INFO -- : 0:  cancun (0.0.4) from /Users/bonzofenix/.rbenv/versions/2.0.0-p247/lib/ruby/gems/2.0.0/specifications/cancun-0.0.4.gemspec
I, [2014-01-30T14:45:45.715022 #68671]  INFO -- : 0:  safe_yaml (0.9.7) from /Users/bonzofenix/.rbenv/versions/2.0.0-p247/lib/ruby/gems/2.0.0/specifications/safe_yaml-0.9.7.gemspec
I, [2014-01-30T14:45:45.715590 #68671]  INFO -- : 0:  crack (0.4.1) from /Users/bonzofenix/.rbenv/versions/2.0.0-p247/lib/ruby/gems/2.0.0/specifications/crack-0.4.1.gemspec
I, [2014-01-30T14:45:45.716085 #68671]  INFO -- : 0:  diff-lcs (1.2.4) from /Users/bonzofenix/.rbenv/versions/2.0.0-p247/lib/ruby/gems/2.0.0/specifications/diff-lcs-1.2.4.gemspec
I, [2014-01-30T14:45:45.716461 #68671]  INFO -- : 0:  libxml-ruby (2.7.0) from /Users/bonzofenix/.rbenv/versions/2.0.0-p247/lib/ruby/gems/2.0.0/specifications/libxml-ruby-2.7.0.gemspec
I, [2014-01-30T14:45:45.716790 #68671]  INFO -- : 0:  happymapper (0.4.1) from /Users/bonzofenix/.rbenv/versions/2.0.0-p247/lib/ruby/gems/2.0.0/specifications/happymapper-0.4.1.gemspec
I, [2014-01-30T14:45:45.717227 #68671]  INFO -- : 0:  hashie (2.0.5) from /Users/bonzofenix/.rbenv/versions/2.0.0-p247/lib/ruby/gems/2.0.0/specifications/hashie-2.0.5.gemspec
I, [2014-01-30T14:45:45.717554 #68671]  INFO -- : 0:  highline (1.6.20) from /Users/bonzofenix/.rbenv/versions/2.0.0-p247/lib/ruby/gems/2.0.0/specifications/highline-1.6.20.gemspec
I, [2014-01-30T14:45:45.717866 #68671]  INFO -- : 0:  little-plugger (1.1.3) from /Users/bonzofenix/.rbenv/versions/2.0.0-p247/lib/ruby/gems/2.0.0/specifications/little-plugger-1.1.3.gemspec
I, [2014-01-30T14:45:45.718192 #68671]  INFO -- : 0:  multi_json (1.8.2) from /Users/bonzofenix/.rbenv/versions/2.0.0-p247/lib/ruby/gems/2.0.0/specifications/multi_json-1.8.2.gemspec
I, [2014-01-30T14:45:45.718467 #68671]  INFO -- : 0:  logging (1.8.1) from /Users/bonzofenix/.rbenv/versions/2.0.0-p247/lib/ruby/gems/2.0.0/specifications/logging-1.8.1.gemspec
I, [2014-01-30T14:45:45.718744 #68671]  INFO -- : 0:  mini_portile (0.5.2) from /Users/bonzofenix/.rbenv/versions/2.0.0-p247/lib/ruby/gems/2.0.0/specifications/mini_portile-0.5.2.gemspec
I, [2014-01-30T14:45:45.719020 #68671]  INFO -- : 0:  nokogiri (1.6.0) from /Users/bonzofenix/.rbenv/versions/2.0.0-p247/lib/ruby/gems/2.0.0/specifications/nokogiri-1.6.0.gemspec
I, [2014-01-30T14:45:45.719299 #68671]  INFO -- : 0:  nokogiri-happymapper (0.5.8) from /Users/bonzofenix/.rbenv/versions/2.0.0-p247/lib/ruby/gems/2.0.0/specifications/nokogiri-happymapper-0.5.8.gemspec
I, [2014-01-30T14:45:45.719584 #68671]  INFO -- : 0:  mime-types (1.25) from /Users/bonzofenix/.rbenv/versions/2.0.0-p247/lib/ruby/gems/2.0.0/specifications/mime-types-1.25.gemspec
I, [2014-01-30T14:45:45.719860 #68671]  INFO -- : 0:  rest-client (1.6.7) from /Users/bonzofenix/.rbenv/versions/2.0.0-p247/lib/ruby/gems/2.0.0/specifications/rest-client-1.6.7.gemspec
I, [2014-01-30T14:45:45.720295 #68671]  INFO -- : 0:  pivotal-tracker (0.5.12) from /Users/bonzofenix/.rbenv/versions/2.0.0-p247/lib/ruby/gems/2.0.0/specifications/pivotal-tracker-0.5.12.gemspec
I, [2014-01-30T14:45:45.720712 #68671]  INFO -- : 0:  terminal-notifier (1.5.1) from /Users/bonzofenix/.rbenv/versions/2.0.0-p247/lib/ruby/gems/2.0.0/specifications/terminal-notifier-1.5.1.gemspec
I, [2014-01-30T14:45:45.750615 #68671]  INFO -- : 0:  ilpomodoro (0.0.0) from /Users/bonzofenix/workspace/ilpomodoro/ilpomodoro.gemspec
I, [2014-01-30T14:45:45.751245 #68671]  INFO -- : 0:  rspec-core (2.14.6) from /Users/bonzofenix/.rbenv/versions/2.0.0-p247/lib/ruby/gems/2.0.0/specifications/rspec-core-2.14.6.gemspec
I, [2014-01-30T14:45:45.751717 #68671]  INFO -- : 0:  rspec-expectations (2.14.3) from /Users/bonzofenix/.rbenv/versions/2.0.0-p247/lib/ruby/gems/2.0.0/specifications/rspec-expectations-2.14.3.gemspec
I, [2014-01-30T14:45:45.752223 #68671]  INFO -- : 0:  rspec-mocks (2.14.4) from /Users/bonzofenix/.rbenv/versions/2.0.0-p247/lib/ruby/gems/2.0.0/specifications/rspec-mocks-2.14.4.gemspec
I, [2014-01-30T14:45:45.752635 #68671]  INFO -- : 0:  rspec (2.14.1) from /Users/bonzofenix/.rbenv/versions/2.0.0-p247/lib/ruby/gems/2.0.0/specifications/rspec-2.14.1.gemspec
I, [2014-01-30T14:45:45.752987 #68671]  INFO -- : 0:  bundler (1.5.1) from /Users/bonzofenix/.rbenv/versions/2.0.0-p247/lib/ruby/gems/2.0.0/specifications/bundler-1.5.1.gemspec
I, [2014-01-30T14:53:17.529963 #74316]  INFO -- : 0:  rake (10.1.0) from /Users/bonzofenix/.rbenv/versions/2.0.0-p247/lib/ruby/gems/2.0.0/specifications/rake-10.1.0.gemspec
I, [2014-01-30T14:53:17.531236 #74316]  INFO -- : 0:  builder (3.2.2) from /Users/bonzofenix/.rbenv/versions/2.0.0-p247/lib/ruby/gems/2.0.0/specifications/builder-3.2.2.gemspec
I, [2014-01-30T14:53:17.531717 #74316]  INFO -- : 0:  tins (0.13.1) from /Users/bonzofenix/.rbenv/versions/2.0.0-p247/lib/ruby/gems/2.0.0/specifications/tins-0.13.1.gemspec
I, [2014-01-30T14:53:17.532093 #74316]  INFO -- : 0:  file-tail (1.0.12) from /Users/bonzofenix/.rbenv/versions/2.0.0-p247/lib/ruby/gems/2.0.0/specifications/file-tail-1.0.12.gemspec
I, [2014-01-30T14:53:17.532455 #74316]  INFO -- : 0:  sexp_processor (4.4.1) from /Users/bonzofenix/.rbenv/versions/2.0.0-p247/lib/ruby/gems/2.0.0/specifications/sexp_processor-4.4.1.gemspec
I, [2014-01-30T14:53:17.532822 #74316]  INFO -- : 0:  ruby_parser (3.3.0) from /Users/bonzofenix/.rbenv/versions/2.0.0-p247/lib/ruby/gems/2.0.0/specifications/ruby_parser-3.3.0.gemspec
I, [2014-01-30T14:53:17.533166 #74316]  INFO -- : 0:  ruby2ruby (2.0.7) from /Users/bonzofenix/.rbenv/versions/2.0.0-p247/lib/ruby/gems/2.0.0/specifications/ruby2ruby-2.0.7.gemspec
I, [2014-01-30T14:53:17.533474 #74316]  INFO -- : 0:  sourcify (0.5.0) from /Users/bonzofenix/.rbenv/versions/2.0.0-p247/lib/ruby/gems/2.0.0/specifications/sourcify-0.5.0.gemspec
I, [2014-01-30T14:53:17.628442 #74316]  INFO -- : 0:  cancun (0.0.4) from /Users/bonzofenix/workspace/cancun/cancun.gemspec
I, [2014-01-30T14:53:17.629351 #74316]  INFO -- : 0:  safe_yaml (0.9.7) from /Users/bonzofenix/.rbenv/versions/2.0.0-p247/lib/ruby/gems/2.0.0/specifications/safe_yaml-0.9.7.gemspec
I, [2014-01-30T14:53:17.630978 #74316]  INFO -- : 0:  crack (0.4.1) from /Users/bonzofenix/.rbenv/versions/2.0.0-p247/lib/ruby/gems/2.0.0/specifications/crack-0.4.1.gemspec
I, [2014-01-30T14:53:17.633514 #74316]  INFO -- : 0:  diff-lcs (1.2.4) from /Users/bonzofenix/.rbenv/versions/2.0.0-p247/lib/ruby/gems/2.0.0/specifications/diff-lcs-1.2.4.gemspec
I, [2014-01-30T14:53:17.634102 #74316]  INFO -- : 0:  libxml-ruby (2.7.0) from /Users/bonzofenix/.rbenv/versions/2.0.0-p247/lib/ruby/gems/2.0.0/specifications/libxml-ruby-2.7.0.gemspec
I, [2014-01-30T14:53:17.634408 #74316]  INFO -- : 0:  happymapper (0.4.1) from /Users/bonzofenix/.rbenv/versions/2.0.0-p247/lib/ruby/gems/2.0.0/specifications/happymapper-0.4.1.gemspec
I, [2014-01-30T14:53:17.634784 #74316]  INFO -- : 0:  hashie (2.0.5) from /Users/bonzofenix/.rbenv/versions/2.0.0-p247/lib/ruby/gems/2.0.0/specifications/hashie-2.0.5.gemspec
I, [2014-01-30T14:53:17.635130 #74316]  INFO -- : 0:  highline (1.6.20) from /Users/bonzofenix/.rbenv/versions/2.0.0-p247/lib/ruby/gems/2.0.0/specifications/highline-1.6.20.gemspec
I, [2014-01-30T14:53:17.635421 #74316]  INFO -- : 0:  little-plugger (1.1.3) from /Users/bonzofenix/.rbenv/versions/2.0.0-p247/lib/ruby/gems/2.0.0/specifications/little-plugger-1.1.3.gemspec
I, [2014-01-30T14:53:17.635782 #74316]  INFO -- : 0:  multi_json (1.8.2) from /Users/bonzofenix/.rbenv/versions/2.0.0-p247/lib/ruby/gems/2.0.0/specifications/multi_json-1.8.2.gemspec
I, [2014-01-30T14:53:17.636128 #74316]  INFO -- : 0:  logging (1.8.1) from /Users/bonzofenix/.rbenv/versions/2.0.0-p247/lib/ruby/gems/2.0.0/specifications/logging-1.8.1.gemspec
I, [2014-01-30T14:53:17.636407 #74316]  INFO -- : 0:  mini_portile (0.5.2) from /Users/bonzofenix/.rbenv/versions/2.0.0-p247/lib/ruby/gems/2.0.0/specifications/mini_portile-0.5.2.gemspec
I, [2014-01-30T14:53:17.636794 #74316]  INFO -- : 0:  nokogiri (1.6.0) from /Users/bonzofenix/.rbenv/versions/2.0.0-p247/lib/ruby/gems/2.0.0/specifications/nokogiri-1.6.0.gemspec
I, [2014-01-30T14:53:17.637065 #74316]  INFO -- : 0:  nokogiri-happymapper (0.5.8) from /Users/bonzofenix/.rbenv/versions/2.0.0-p247/lib/ruby/gems/2.0.0/specifications/nokogiri-happymapper-0.5.8.gemspec
I, [2014-01-30T14:53:17.637331 #74316]  INFO -- : 0:  mime-types (1.25) from /Users/bonzofenix/.rbenv/versions/2.0.0-p247/lib/ruby/gems/2.0.0/specifications/mime-types-1.25.gemspec
I, [2014-01-30T14:53:17.637588 #74316]  INFO -- : 0:  rest-client (1.6.7) from /Users/bonzofenix/.rbenv/versions/2.0.0-p247/lib/ruby/gems/2.0.0/specifications/rest-client-1.6.7.gemspec
I, [2014-01-30T14:53:17.637886 #74316]  INFO -- : 0:  pivotal-tracker (0.5.12) from /Users/bonzofenix/.rbenv/versions/2.0.0-p247/lib/ruby/gems/2.0.0/specifications/pivotal-tracker-0.5.12.gemspec
I, [2014-01-30T14:53:17.638167 #74316]  INFO -- : 0:  terminal-notifier (1.5.1) from /Users/bonzofenix/.rbenv/versions/2.0.0-p247/lib/ruby/gems/2.0.0/specifications/terminal-notifier-1.5.1.gemspec
I, [2014-01-30T14:53:17.657881 #74316]  INFO -- : 0:  ilpomodoro (0.0.0) from /Users/bonzofenix/workspace/ilpomodoro/ilpomodoro.gemspec
I, [2014-01-30T14:53:17.658371 #74316]  INFO -- : 0:  rspec-core (2.14.6) from /Users/bonzofenix/.rbenv/versions/2.0.0-p247/lib/ruby/gems/2.0.0/specifications/rspec-core-2.14.6.gemspec
I, [2014-01-30T14:53:17.658735 #74316]  INFO -- : 0:  rspec-expectations (2.14.3) from /Users/bonzofenix/.rbenv/versions/2.0.0-p247/lib/ruby/gems/2.0.0/specifications/rspec-expectations-2.14.3.gemspec
I, [2014-01-30T14:53:17.659033 #74316]  INFO -- : 0:  rspec-mocks (2.14.4) from /Users/bonzofenix/.rbenv/versions/2.0.0-p247/lib/ruby/gems/2.0.0/specifications/rspec-mocks-2.14.4.gemspec
I, [2014-01-30T14:53:17.659312 #74316]  INFO -- : 0:  rspec (2.14.1) from /Users/bonzofenix/.rbenv/versions/2.0.0-p247/lib/ruby/gems/2.0.0/specifications/rspec-2.14.1.gemspec
I, [2014-01-30T14:53:17.659566 #74316]  INFO -- : 0:  bundler (1.5.1) from /Users/bonzofenix/.rbenv/versions/2.0.0-p247/lib/ruby/gems/2.0.0/specifications/bundler-1.5.1.gemspec
I, [2014-01-30T15:05:12.327626 #34005]  INFO -- : 0:  rake (10.1.0) from /Users/bonzofenix/.rbenv/versions/2.0.0-p247/lib/ruby/gems/2.0.0/specifications/rake-10.1.0.gemspec
I, [2014-01-30T15:05:12.328222 #34005]  INFO -- : 0:  builder (3.2.2) from /Users/bonzofenix/.rbenv/versions/2.0.0-p247/lib/ruby/gems/2.0.0/specifications/builder-3.2.2.gemspec
I, [2014-01-30T15:05:12.328575 #34005]  INFO -- : 0:  tins (0.13.1) from /Users/bonzofenix/.rbenv/versions/2.0.0-p247/lib/ruby/gems/2.0.0/specifications/tins-0.13.1.gemspec
I, [2014-01-30T15:05:12.328889 #34005]  INFO -- : 0:  file-tail (1.0.12) from /Users/bonzofenix/.rbenv/versions/2.0.0-p247/lib/ruby/gems/2.0.0/specifications/file-tail-1.0.12.gemspec
I, [2014-01-30T15:05:12.329212 #34005]  INFO -- : 0:  sexp_processor (4.4.1) from /Users/bonzofenix/.rbenv/versions/2.0.0-p247/lib/ruby/gems/2.0.0/specifications/sexp_processor-4.4.1.gemspec
I, [2014-01-30T15:05:12.329511 #34005]  INFO -- : 0:  ruby_parser (3.3.0) from /Users/bonzofenix/.rbenv/versions/2.0.0-p247/lib/ruby/gems/2.0.0/specifications/ruby_parser-3.3.0.gemspec
I, [2014-01-30T15:05:12.329805 #34005]  INFO -- : 0:  ruby2ruby (2.0.7) from /Users/bonzofenix/.rbenv/versions/2.0.0-p247/lib/ruby/gems/2.0.0/specifications/ruby2ruby-2.0.7.gemspec
I, [2014-01-30T15:05:12.330091 #34005]  INFO -- : 0:  sourcify (0.5.0) from /Users/bonzofenix/.rbenv/versions/2.0.0-p247/lib/ruby/gems/2.0.0/specifications/sourcify-0.5.0.gemspec
I, [2014-01-30T15:05:12.389399 #34005]  INFO -- : 0:  cancun (0.0.4) from /Users/bonzofenix/workspace/cancun/cancun.gemspec
I, [2014-01-30T15:05:12.389766 #34005]  INFO -- : 0:  safe_yaml (0.9.7) from /Users/bonzofenix/.rbenv/versions/2.0.0-p247/lib/ruby/gems/2.0.0/specifications/safe_yaml-0.9.7.gemspec
I, [2014-01-30T15:05:12.390033 #34005]  INFO -- : 0:  crack (0.4.1) from /Users/bonzofenix/.rbenv/versions/2.0.0-p247/lib/ruby/gems/2.0.0/specifications/crack-0.4.1.gemspec
I, [2014-01-30T15:05:12.390283 #34005]  INFO -- : 0:  diff-lcs (1.2.4) from /Users/bonzofenix/.rbenv/versions/2.0.0-p247/lib/ruby/gems/2.0.0/specifications/diff-lcs-1.2.4.gemspec
I, [2014-01-30T15:05:12.390522 #34005]  INFO -- : 0:  libxml-ruby (2.7.0) from /Users/bonzofenix/.rbenv/versions/2.0.0-p247/lib/ruby/gems/2.0.0/specifications/libxml-ruby-2.7.0.gemspec
I, [2014-01-30T15:05:12.390767 #34005]  INFO -- : 0:  happymapper (0.4.1) from /Users/bonzofenix/.rbenv/versions/2.0.0-p247/lib/ruby/gems/2.0.0/specifications/happymapper-0.4.1.gemspec
I, [2014-01-30T15:05:12.391002 #34005]  INFO -- : 0:  hashie (2.0.5) from /Users/bonzofenix/.rbenv/versions/2.0.0-p247/lib/ruby/gems/2.0.0/specifications/hashie-2.0.5.gemspec
I, [2014-01-30T15:05:12.391234 #34005]  INFO -- : 0:  highline (1.6.20) from /Users/bonzofenix/.rbenv/versions/2.0.0-p247/lib/ruby/gems/2.0.0/specifications/highline-1.6.20.gemspec
I, [2014-01-30T15:05:12.391468 #34005]  INFO -- : 0:  little-plugger (1.1.3) from /Users/bonzofenix/.rbenv/versions/2.0.0-p247/lib/ruby/gems/2.0.0/specifications/little-plugger-1.1.3.gemspec
I, [2014-01-30T15:05:12.391706 #34005]  INFO -- : 0:  multi_json (1.8.2) from /Users/bonzofenix/.rbenv/versions/2.0.0-p247/lib/ruby/gems/2.0.0/specifications/multi_json-1.8.2.gemspec
I, [2014-01-30T15:05:12.392130 #34005]  INFO -- : 0:  logging (1.8.1) from /Users/bonzofenix/.rbenv/versions/2.0.0-p247/lib/ruby/gems/2.0.0/specifications/logging-1.8.1.gemspec
I, [2014-01-30T15:05:12.392574 #34005]  INFO -- : 0:  mini_portile (0.5.2) from /Users/bonzofenix/.rbenv/versions/2.0.0-p247/lib/ruby/gems/2.0.0/specifications/mini_portile-0.5.2.gemspec
I, [2014-01-30T15:05:12.392961 #34005]  INFO -- : 0:  nokogiri (1.6.0) from /Users/bonzofenix/.rbenv/versions/2.0.0-p247/lib/ruby/gems/2.0.0/specifications/nokogiri-1.6.0.gemspec
I, [2014-01-30T15:05:12.393342 #34005]  INFO -- : 0:  nokogiri-happymapper (0.5.8) from /Users/bonzofenix/.rbenv/versions/2.0.0-p247/lib/ruby/gems/2.0.0/specifications/nokogiri-happymapper-0.5.8.gemspec
I, [2014-01-30T15:05:12.393729 #34005]  INFO -- : 0:  mime-types (1.25) from /Users/bonzofenix/.rbenv/versions/2.0.0-p247/lib/ruby/gems/2.0.0/specifications/mime-types-1.25.gemspec
I, [2014-01-30T15:05:12.394034 #34005]  INFO -- : 0:  rest-client (1.6.7) from /Users/bonzofenix/.rbenv/versions/2.0.0-p247/lib/ruby/gems/2.0.0/specifications/rest-client-1.6.7.gemspec
I, [2014-01-30T15:05:12.394381 #34005]  INFO -- : 0:  pivotal-tracker (0.5.12) from /Users/bonzofenix/.rbenv/versions/2.0.0-p247/lib/ruby/gems/2.0.0/specifications/pivotal-tracker-0.5.12.gemspec
I, [2014-01-30T15:05:12.394743 #34005]  INFO -- : 0:  terminal-notifier (1.5.1) from /Users/bonzofenix/.rbenv/versions/2.0.0-p247/lib/ruby/gems/2.0.0/specifications/terminal-notifier-1.5.1.gemspec
I, [2014-01-30T15:05:12.417989 #34005]  INFO -- : 0:  ilpomodoro (0.0.0) from /Users/bonzofenix/workspace/ilpomodoro/ilpomodoro.gemspec
I, [2014-01-30T15:05:12.418820 #34005]  INFO -- : 0:  rspec-core (2.14.6) from /Users/bonzofenix/.rbenv/versions/2.0.0-p247/lib/ruby/gems/2.0.0/specifications/rspec-core-2.14.6.gemspec
I, [2014-01-30T15:05:12.419524 #34005]  INFO -- : 0:  rspec-expectations (2.14.3) from /Users/bonzofenix/.rbenv/versions/2.0.0-p247/lib/ruby/gems/2.0.0/specifications/rspec-expectations-2.14.3.gemspec
I, [2014-01-30T15:05:12.420116 #34005]  INFO -- : 0:  rspec-mocks (2.14.4) from /Users/bonzofenix/.rbenv/versions/2.0.0-p247/lib/ruby/gems/2.0.0/specifications/rspec-mocks-2.14.4.gemspec
I, [2014-01-30T15:05:12.420685 #34005]  INFO -- : 0:  rspec (2.14.1) from /Users/bonzofenix/.rbenv/versions/2.0.0-p247/lib/ruby/gems/2.0.0/specifications/rspec-2.14.1.gemspec
I, [2014-01-30T15:05:12.421158 #34005]  INFO -- : 0:  bundler (1.5.1) from /Users/bonzofenix/.rbenv/versions/2.0.0-p247/lib/ruby/gems/2.0.0/specifications/bundler-1.5.1.gemspec
I, [2014-02-17T10:40:53.109306 #5362]  INFO -- : 0:  rake (10.1.0) from /Users/bonzofenix/.rbenv/versions/2.0.0-p247/lib/ruby/gems/2.0.0/specifications/rake-10.1.0.gemspec
I, [2014-02-17T10:40:53.112653 #5362]  INFO -- : 0:  builder (3.2.2) from /Users/bonzofenix/.rbenv/versions/2.0.0-p247/lib/ruby/gems/2.0.0/specifications/builder-3.2.2.gemspec
I, [2014-02-17T10:40:53.113007 #5362]  INFO -- : 0:  cancun (0.0.4) from /Users/bonzofenix/.rbenv/versions/2.0.0-p247/lib/ruby/gems/2.0.0/specifications/cancun-0.0.4.gemspec
I, [2014-02-17T10:40:53.113335 #5362]  INFO -- : 0:  safe_yaml (0.9.7) from /Users/bonzofenix/.rbenv/versions/2.0.0-p247/lib/ruby/gems/2.0.0/specifications/safe_yaml-0.9.7.gemspec
I, [2014-02-17T10:40:53.113578 #5362]  INFO -- : 0:  crack (0.4.1) from /Users/bonzofenix/.rbenv/versions/2.0.0-p247/lib/ruby/gems/2.0.0/specifications/crack-0.4.1.gemspec
I, [2014-02-17T10:40:53.113831 #5362]  INFO -- : 0:  diff-lcs (1.2.4) from /Users/bonzofenix/.rbenv/versions/2.0.0-p247/lib/ruby/gems/2.0.0/specifications/diff-lcs-1.2.4.gemspec
I, [2014-02-17T10:40:53.114078 #5362]  INFO -- : 0:  libxml-ruby (2.7.0) from /Users/bonzofenix/.rbenv/versions/2.0.0-p247/lib/ruby/gems/2.0.0/specifications/libxml-ruby-2.7.0.gemspec
I, [2014-02-17T10:40:53.114328 #5362]  INFO -- : 0:  happymapper (0.4.1) from /Users/bonzofenix/.rbenv/versions/2.0.0-p247/lib/ruby/gems/2.0.0/specifications/happymapper-0.4.1.gemspec
I, [2014-02-17T10:40:53.114576 #5362]  INFO -- : 0:  hashie (2.0.5) from /Users/bonzofenix/.rbenv/versions/2.0.0-p247/lib/ruby/gems/2.0.0/specifications/hashie-2.0.5.gemspec
I, [2014-02-17T10:40:53.114822 #5362]  INFO -- : 0:  highline (1.6.20) from /Users/bonzofenix/.rbenv/versions/2.0.0-p247/lib/ruby/gems/2.0.0/specifications/highline-1.6.20.gemspec
I, [2014-02-17T10:40:53.115070 #5362]  INFO -- : 0:  little-plugger (1.1.3) from /Users/bonzofenix/.rbenv/versions/2.0.0-p247/lib/ruby/gems/2.0.0/specifications/little-plugger-1.1.3.gemspec
I, [2014-02-17T10:40:53.115307 #5362]  INFO -- : 0:  multi_json (1.8.2) from /Users/bonzofenix/.rbenv/versions/2.0.0-p247/lib/ruby/gems/2.0.0/specifications/multi_json-1.8.2.gemspec
I, [2014-02-17T10:40:53.115547 #5362]  INFO -- : 0:  logging (1.8.1) from /Users/bonzofenix/.rbenv/versions/2.0.0-p247/lib/ruby/gems/2.0.0/specifications/logging-1.8.1.gemspec
I, [2014-02-17T10:40:53.115794 #5362]  INFO -- : 0:  mini_portile (0.5.2) from /Users/bonzofenix/.rbenv/versions/2.0.0-p247/lib/ruby/gems/2.0.0/specifications/mini_portile-0.5.2.gemspec
I, [2014-02-17T10:40:53.116013 #5362]  INFO -- : 0:  nokogiri (1.6.0) from /Users/bonzofenix/.rbenv/versions/2.0.0-p247/lib/ruby/gems/2.0.0/specifications/nokogiri-1.6.0.gemspec
I, [2014-02-17T10:40:53.116232 #5362]  INFO -- : 0:  nokogiri-happymapper (0.5.8) from /Users/bonzofenix/.rbenv/versions/2.0.0-p247/lib/ruby/gems/2.0.0/specifications/nokogiri-happymapper-0.5.8.gemspec
I, [2014-02-17T10:40:53.116447 #5362]  INFO -- : 0:  mime-types (1.25) from /Users/bonzofenix/.rbenv/versions/2.0.0-p247/lib/ruby/gems/2.0.0/specifications/mime-types-1.25.gemspec
I, [2014-02-17T10:40:53.116655 #5362]  INFO -- : 0:  rest-client (1.6.7) from /Users/bonzofenix/.rbenv/versions/2.0.0-p247/lib/ruby/gems/2.0.0/specifications/rest-client-1.6.7.gemspec
I, [2014-02-17T10:40:53.116849 #5362]  INFO -- : 0:  pivotal-tracker (0.5.12) from /Users/bonzofenix/.rbenv/versions/2.0.0-p247/lib/ruby/gems/2.0.0/specifications/pivotal-tracker-0.5.12.gemspec
I, [2014-02-17T10:40:53.117075 #5362]  INFO -- : 0:  terminal-notifier (1.5.1) from /Users/bonzofenix/.rbenv/versions/2.0.0-p247/lib/ruby/gems/2.0.0/specifications/terminal-notifier-1.5.1.gemspec
I, [2014-02-17T10:40:53.186996 #5362]  INFO -- : 0:  ilpomodoro (0.0.0) from /Users/bonzofenix/workspace/ilpomodoro/ilpomodoro.gemspec
I, [2014-02-17T10:40:53.187413 #5362]  INFO -- : 0:  rspec-core (2.14.6) from /Users/bonzofenix/.rbenv/versions/2.0.0-p247/lib/ruby/gems/2.0.0/specifications/rspec-core-2.14.6.gemspec
I, [2014-02-17T10:40:53.187658 #5362]  INFO -- : 0:  rspec-expectations (2.14.3) from /Users/bonzofenix/.rbenv/versions/2.0.0-p247/lib/ruby/gems/2.0.0/specifications/rspec-expectations-2.14.3.gemspec
I, [2014-02-17T10:40:53.187871 #5362]  INFO -- : 0:  rspec-mocks (2.14.4) from /Users/bonzofenix/.rbenv/versions/2.0.0-p247/lib/ruby/gems/2.0.0/specifications/rspec-mocks-2.14.4.gemspec
I, [2014-02-17T10:40:53.188100 #5362]  INFO -- : 0:  rspec (2.14.1) from /Users/bonzofenix/.rbenv/versions/2.0.0-p247/lib/ruby/gems/2.0.0/specifications/rspec-2.14.1.gemspec
I, [2014-02-17T10:40:53.188284 #5362]  INFO -- : 0:  bundler (1.5.1) from /Users/bonzofenix/.rbenv/versions/2.0.0-p247/lib/ruby/gems/2.0.0/specifications/bundler-1.5.1.gemspec
I, [2014-02-17T10:43:31.411910 #16614]  INFO -- : 0:  rake (10.1.0) from /Users/bonzofenix/.rbenv/versions/2.0.0-p247/lib/ruby/gems/2.0.0/specifications/rake-10.1.0.gemspec
I, [2014-02-17T10:43:31.412317 #16614]  INFO -- : 0:  builder (3.2.2) from /Users/bonzofenix/.rbenv/versions/2.0.0-p247/lib/ruby/gems/2.0.0/specifications/builder-3.2.2.gemspec
I, [2014-02-17T10:43:34.435210 #16614]  INFO -- : 0:  tins (0.13.2) from /Users/bonzofenix/.rbenv/versions/2.0.0-p247/lib/ruby/gems/2.0.0/specifications/tins-0.13.2.gemspec
I, [2014-02-17T10:43:34.435617 #16614]  INFO -- : 0:  file-tail (1.0.12) from /Users/bonzofenix/.rbenv/versions/2.0.0-p247/lib/ruby/gems/2.0.0/specifications/file-tail-1.0.12.gemspec
I, [2014-02-17T10:43:34.435884 #16614]  INFO -- : 0:  sexp_processor (4.4.1) from /Users/bonzofenix/.rbenv/versions/2.0.0-p247/lib/ruby/gems/2.0.0/specifications/sexp_processor-4.4.1.gemspec
I, [2014-02-17T10:43:38.232573 #16614]  INFO -- : 0:  ruby_parser (3.4.1) from /Users/bonzofenix/.rbenv/versions/2.0.0-p247/lib/ruby/gems/2.0.0/specifications/ruby_parser-3.4.1.gemspec
I, [2014-02-17T10:43:38.232956 #16614]  INFO -- : 0:  ruby2ruby (2.0.7) from /Users/bonzofenix/.rbenv/versions/2.0.0-p247/lib/ruby/gems/2.0.0/specifications/ruby2ruby-2.0.7.gemspec
I, [2014-02-17T10:43:38.233206 #16614]  INFO -- : 0:  sourcify (0.5.0) from /Users/bonzofenix/.rbenv/versions/2.0.0-p247/lib/ruby/gems/2.0.0/specifications/sourcify-0.5.0.gemspec
I, [2014-02-17T10:43:40.437175 #16614]  INFO -- : 0:  cancun (0.0.6) from /Users/bonzofenix/.rbenv/versions/2.0.0-p247/lib/ruby/gems/2.0.0/specifications/cancun-0.0.6.gemspec
I, [2014-02-17T10:43:40.437710 #16614]  INFO -- : 0:  safe_yaml (0.9.7) from /Users/bonzofenix/.rbenv/versions/2.0.0-p247/lib/ruby/gems/2.0.0/specifications/safe_yaml-0.9.7.gemspec
I, [2014-02-17T10:43:40.438105 #16614]  INFO -- : 0:  crack (0.4.1) from /Users/bonzofenix/.rbenv/versions/2.0.0-p247/lib/ruby/gems/2.0.0/specifications/crack-0.4.1.gemspec
I, [2014-02-17T10:43:40.438414 #16614]  INFO -- : 0:  diff-lcs (1.2.4) from /Users/bonzofenix/.rbenv/versions/2.0.0-p247/lib/ruby/gems/2.0.0/specifications/diff-lcs-1.2.4.gemspec
I, [2014-02-17T10:43:40.438621 #16614]  INFO -- : 0:  libxml-ruby (2.7.0) from /Users/bonzofenix/.rbenv/versions/2.0.0-p247/lib/ruby/gems/2.0.0/specifications/libxml-ruby-2.7.0.gemspec
I, [2014-02-17T10:43:40.438818 #16614]  INFO -- : 0:  happymapper (0.4.1) from /Users/bonzofenix/.rbenv/versions/2.0.0-p247/lib/ruby/gems/2.0.0/specifications/happymapper-0.4.1.gemspec
I, [2014-02-17T10:43:40.439007 #16614]  INFO -- : 0:  hashie (2.0.5) from /Users/bonzofenix/.rbenv/versions/2.0.0-p247/lib/ruby/gems/2.0.0/specifications/hashie-2.0.5.gemspec
I, [2014-02-17T10:43:40.439206 #16614]  INFO -- : 0:  highline (1.6.20) from /Users/bonzofenix/.rbenv/versions/2.0.0-p247/lib/ruby/gems/2.0.0/specifications/highline-1.6.20.gemspec
I, [2014-02-17T10:43:40.439395 #16614]  INFO -- : 0:  little-plugger (1.1.3) from /Users/bonzofenix/.rbenv/versions/2.0.0-p247/lib/ruby/gems/2.0.0/specifications/little-plugger-1.1.3.gemspec
I, [2014-02-17T10:43:40.439591 #16614]  INFO -- : 0:  multi_json (1.8.2) from /Users/bonzofenix/.rbenv/versions/2.0.0-p247/lib/ruby/gems/2.0.0/specifications/multi_json-1.8.2.gemspec
I, [2014-02-17T10:43:40.439778 #16614]  INFO -- : 0:  logging (1.8.1) from /Users/bonzofenix/.rbenv/versions/2.0.0-p247/lib/ruby/gems/2.0.0/specifications/logging-1.8.1.gemspec
I, [2014-02-17T10:43:40.439968 #16614]  INFO -- : 0:  mini_portile (0.5.2) from /Users/bonzofenix/.rbenv/versions/2.0.0-p247/lib/ruby/gems/2.0.0/specifications/mini_portile-0.5.2.gemspec
I, [2014-02-17T10:43:40.440155 #16614]  INFO -- : 0:  nokogiri (1.6.0) from /Users/bonzofenix/.rbenv/versions/2.0.0-p247/lib/ruby/gems/2.0.0/specifications/nokogiri-1.6.0.gemspec
I, [2014-02-17T10:43:40.440339 #16614]  INFO -- : 0:  nokogiri-happymapper (0.5.8) from /Users/bonzofenix/.rbenv/versions/2.0.0-p247/lib/ruby/gems/2.0.0/specifications/nokogiri-happymapper-0.5.8.gemspec
I, [2014-02-17T10:43:40.440526 #16614]  INFO -- : 0:  mime-types (1.25) from /Users/bonzofenix/.rbenv/versions/2.0.0-p247/lib/ruby/gems/2.0.0/specifications/mime-types-1.25.gemspec
I, [2014-02-17T10:43:40.440709 #16614]  INFO -- : 0:  rest-client (1.6.7) from /Users/bonzofenix/.rbenv/versions/2.0.0-p247/lib/ruby/gems/2.0.0/specifications/rest-client-1.6.7.gemspec
I, [2014-02-17T10:43:40.440893 #16614]  INFO -- : 0:  pivotal-tracker (0.5.12) from /Users/bonzofenix/.rbenv/versions/2.0.0-p247/lib/ruby/gems/2.0.0/specifications/pivotal-tracker-0.5.12.gemspec
I, [2014-02-17T10:43:40.441072 #16614]  INFO -- : 0:  terminal-notifier (1.5.1) from /Users/bonzofenix/.rbenv/versions/2.0.0-p247/lib/ruby/gems/2.0.0/specifications/terminal-notifier-1.5.1.gemspec
I, [2014-02-17T10:43:40.455197 #16614]  INFO -- : 0:  ilpomodoro (0.0.0) from /Users/bonzofenix/workspace/ilpomodoro/ilpomodoro.gemspec
I, [2014-02-17T10:43:40.455576 #16614]  INFO -- : 0:  rspec-core (2.14.6) from /Users/bonzofenix/.rbenv/versions/2.0.0-p247/lib/ruby/gems/2.0.0/specifications/rspec-core-2.14.6.gemspec
I, [2014-02-17T10:43:40.455835 #16614]  INFO -- : 0:  rspec-expectations (2.14.3) from /Users/bonzofenix/.rbenv/versions/2.0.0-p247/lib/ruby/gems/2.0.0/specifications/rspec-expectations-2.14.3.gemspec
I, [2014-02-17T10:43:40.456073 #16614]  INFO -- : 0:  rspec-mocks (2.14.4) from /Users/bonzofenix/.rbenv/versions/2.0.0-p247/lib/ruby/gems/2.0.0/specifications/rspec-mocks-2.14.4.gemspec
I, [2014-02-17T10:43:40.456318 #16614]  INFO -- : 0:  rspec (2.14.1) from /Users/bonzofenix/.rbenv/versions/2.0.0-p247/lib/ruby/gems/2.0.0/specifications/rspec-2.14.1.gemspec
I, [2014-02-17T10:43:40.456530 #16614]  INFO -- : 0:  bundler (1.5.1) from /Users/bonzofenix/.rbenv/versions/2.0.0-p247/lib/ruby/gems/2.0.0/specifications/bundler-1.5.1.gemspec
